build/app/outputs/mapping/release/seeds.txt
com.faxmo.user.MainActivity
com.faxmo.user.MainActivity: MainActivity()
...
com.pichillilorenzo.flutter_inappwebview.plugin_scripts_js.PluginScriptsUtil: java.lang.String CHECK_GLOBAL_KEY_DOWN_EVENT_TO_HIDE_CONTEXT_MENU_JS_SOURCE
com.google.android.gms.internal.ads.zzglw: com.google.android.gms.internal.ads.zzglw zzb
com.pichillilorenzo.flutter_inappwebview.R$style: int Base_Widget_AppCompat_ListMenuView
com.google.android.gms.internal.ads.zzaxp: int zzd
com.pichillilorenzo.flutter_inappwebview.R$attr: int paddingTopNoTitle
com.pichillilorenzo.flutter_inappwebview.R$anim: int abc_fade_out
com.pichillilorenzo.flutter_inappwebview.R$id: int accessibility_custom_action_15
com.pichillilorenzo.flutter_inappwebview.R$styleable: int ListPopupWindow_android_dropDownHorizontalOffset
com.pichillilorenzo.flutter_inappwebview.InAppWebViewFlutterPlugin: com.pichillilorenzo.flutter_inappwebview.InAppWebViewStatic inAppWebViewStatic
com.pichillilorenzo.flutter_inappwebview.R$styleable: int AppCompatTheme_seekBarStyle
androidx.swiperefreshlayout.widget.SwipeRefreshLayout: android.view.animation.Animation mAlphaStartAnimation
androidx.browser.customtabs.CustomTabsServiceConnection: android.content.Context mApplicationContext
com.pichillilorenzo.flutter_inappwebview.R$attr: int hideOnContentScroll
androidx.core.content.FileProvider: androidx.core.content.FileProvider$PathStrategy mStrategy
com.google.internal.firebase.inappmessaging.v1.sdkserving.FetchEligibleCampaignsRequest: com.google.protobuf.Internal$ProtobufList alreadySeenCampaigns_
com.google.android.gms.internal.ads.zzazi: com.google.android.gms.internal.ads.zzazl zzf
com.pichillilorenzo.flutter_inappwebview.R$styleable: int FontFamily_fontProviderSystemFontFamily
com.pichillilorenzo.flutter_inappwebview.R$color: int tooltip_background_light
com.pichillilorenzo.flutter_inappwebview.in_app_browser.InAppBrowserActivity$1: com.pichillilorenzo.flutter_inappwebview.in_app_browser.InAppBrowserActivity this$0
com.google.android.gms.internal.ads.zzans: long zzl
io.flutter.embedding.engine.FlutterJNI: io.flutter.embedding.engine.dart.PlatformMessageHandler platformMessageHandler
com.pichillilorenzo.flutter_inappwebview.in_app_webview.InAppWebView$9: boolean val$enable
com.pichillilorenzo.flutter_inappwebview.types.UserContentController: java.lang.String DOCUMENT_READY_WRAPPER_JS_SOURCE
com.google.android.gms.internal.ads.zzgug: com.google.android.gms.internal.ads.zzgpe zzg
com.pichillilorenzo.flutter_inappwebview.InAppWebViewFlutterPlugin: com.pichillilorenzo.flutter_inappwebview.FlutterWebViewFactory flutterWebViewFactory
com.pichillilorenzo.flutter_inappwebview.R$styleable: int SearchView_submitBackground
com.google.android.gms.internal.ads.zzbzg: android.os.Parcelable$Creator CREATOR
com.pichillilorenzo.flutter_inappwebview.R$id: int tag_accessibility_heading
com.google.android.gms.internal.ads.zzayu: int zzh
com.pichillilorenzo.flutter_inappwebview.R$anim: int abc_slide_out_top
com.pichillilorenzo.flutter_inappwebview.R$id: int buttonPanel
com.pichillilorenzo.flutter_inappwebview.R$layout: int floating_action_mode_item
com.pichillilorenzo.flutter_inappwebview.R$style: int Widget_AppCompat_Light_ActionMode_Inverse
com.google.firebase.inappmessaging.MessagesProto$BannerMessage: java.lang.String backgroundHexColor_
com.pichillilorenzo.flutter_inappwebview.R$drawable: int abc_scrubber_track_mtrl_alpha
com.pichillilorenzo.flutter_inappwebview.in_app_webview.InAppWebViewRenderProcessClient$2: androidx.webkit.WebViewRenderProcess val$renderer
com.google.android.gms.internal.ads.zzazv: com.google.android.gms.internal.ads.zzazl zzf
com.dexterous.flutterlocalnotifications.models.NotificationChannelDetails: java.lang.String VIBRATION_PATTERN
androidx.window.embedding.ExtensionEmbeddingBackend: java.util.concurrent.CopyOnWriteArrayList splitChangeCallbacks
com.pichillilorenzo.flutter_inappwebview.R$anim: int btn_checkbox_to_checked_box_inner_merged_animation
com.pichillilorenzo.flutter_inappwebview.R$styleable: int SplitPairRule_finishSecondaryWithPrimary