build/app/outputs/mapping/release/usage.txt
com.faxmo.user.BuildConfig
com.faxmo.user.R$anim
com.faxmo.user.R$animator
com.faxmo.user.R$attr
com.faxmo.user.R$bool
com.faxmo.user.R$color
com.faxmo.user.R$dimen
com.faxmo.user.R$drawable
com.faxmo.user.R$id
com.faxmo.user.R$integer
com.faxmo.user.R$interpolator
com.faxmo.user.R$layout
com.faxmo.user.R$menu
com.faxmo.user.R$mipmap
com.faxmo.user.R$raw
com.faxmo.user.R$string
com.faxmo.user.R$style
com.faxmo.user.R$styleable
com.faxmo.user.R$xml
com.faxmo.user.R
...
kotlinx.coroutines.flow.FlowKt__DelayKt$sample$2$1$1
kotlinx.coroutines.flow.FlowKt__DelayKt$sample$2$1$2
kotlinx.coroutines.flow.FlowKt__DelayKt$sample$2$values$1$1$emit$1
kotlinx.coroutines.flow.FlowKt__DelayKt$sample$2$values$1$1
kotlinx.coroutines.flow.FlowKt__DelayKt$sample$2$values$1
kotlinx.coroutines.flow.FlowKt__DelayKt$sample$2
kotlinx.coroutines.flow.FlowKt__DelayKt
kotlinx.coroutines.flow.FlowKt__DistinctKt$defaultAreEquivalent$1
kotlinx.coroutines.flow.FlowKt__DistinctKt$defaultKeySelector$1
kotlinx.coroutines.flow.FlowKt__DistinctKt
kotlinx.coroutines.flow.FlowKt__EmittersKt$invokeSafely$1
kotlinx.coroutines.flow.FlowKt__EmittersKt$onCompletion$$inlined$unsafeFlow$1$1
kotlinx.coroutines.flow.FlowKt__EmittersKt$onCompletion$$inlined$unsafeFlow$1
kotlinx.coroutines.flow.FlowKt__EmittersKt$onEmpty$$inlined$unsafeFlow$1$1
kotlinx.coroutines.flow.FlowKt__EmittersKt$onEmpty$$inlined$unsafeFlow$1
kotlinx.coroutines.flow.FlowKt__EmittersKt$onEmpty$1$1$emit$1
kotlinx.coroutines.flow.FlowKt__EmittersKt$onEmpty$1$1
kotlinx.coroutines.flow.FlowKt__EmittersKt$onStart$$inlined$unsafeFlow$1$1
kotlinx.coroutines.flow.FlowKt__EmittersKt$onStart$$inlined$unsafeFlow$1
kotlinx.coroutines.flow.FlowKt__EmittersKt$transform$1$1$emit$1
kotlinx.coroutines.flow.FlowKt__EmittersKt$transform$1$1
kotlinx.coroutines.flow.FlowKt__EmittersKt$transform$1
kotlinx.coroutines.flow.FlowKt__EmittersKt$unsafeTransform$$inlined$unsafeFlow$1$1
kotlinx.coroutines.flow.FlowKt__EmittersKt$unsafeTransform$$inlined$unsafeFlow$1
kotlinx.coroutines.flow.FlowKt__EmittersKt$unsafeTransform$1$1$emit$1
kotlinx.coroutines.flow.FlowKt__EmittersKt$unsafeTransform$1$1
kotlinx.coroutines.flow.FlowKt__EmittersKt
kotlinx.coroutines.flow.FlowKt__ErrorsKt$catch$$inlined$unsafeFlow$1$1
kotlinx.coroutines.flow.FlowKt__ErrorsKt$catch$$inlined$unsafeFlow$1
kotlinx.coroutines.flow.FlowKt__ErrorsKt$catchImpl$1
kotlinx.coroutines.flow.FlowKt__ErrorsKt$catchImpl$2$emit$1
kotlinx.coroutines.flow.FlowKt__ErrorsKt$catchImpl$2
kotlinx.coroutines.flow.FlowKt__ErrorsKt$retry$1
kotlinx.coroutines.flow.FlowKt__ErrorsKt$retry$3
kotlinx.coroutines.flow.FlowKt__ErrorsKt$retryWhen$$inlined$unsafeFlow$1$1
kotlinx.coroutines.flow.FlowKt__ErrorsKt$retryWhen$$inlined$unsafeFlow$1
kotlinx.coroutines.flow.FlowKt__ErrorsKt
kotlinx.coroutines.flow.FlowKt__LimitKt$collectWhile$1
kotlinx.coroutines.flow.FlowKt__LimitKt$collectWhile$collector$1$emit$1
kotlinx.coroutines.flow.FlowKt__LimitKt$collectWhile$collector$1
kotlinx.coroutines.flow.FlowKt__LimitKt$drop$$inlined$unsafeFlow$1
kotlinx.coroutines.flow.FlowKt__LimitKt$drop$2$1$emit$1
kotlinx.coroutines.flow.FlowKt__LimitKt$drop$2$1
kotlinx.coroutines.flow.FlowKt__LimitKt$dropWhile$$inlined$unsafeFlow$1
kotlinx.coroutines.flow.FlowKt__LimitKt$dropWhile$1$1$emit$1
kotlinx.coroutines.flow.FlowKt__LimitKt$dropWhile$1$1
kotlinx.coroutines.flow.FlowKt__LimitKt$emitAbort$1
kotlinx.coroutines.flow.FlowKt__LimitKt$take$$inlined$unsafeFlow$1$1
kotlinx.coroutines.flow.FlowKt__LimitKt$take$$inlined$unsafeFlow$1
kotlinx.coroutines.flow.FlowKt__LimitKt$take$2$1$emit$1
kotlinx.coroutines.flow.FlowKt__LimitKt$take$2$1
kotlinx.coroutines.flow.FlowKt__LimitKt$takeWhile$$inlined$unsafeFlow$1$1
kotlinx.coroutines.flow.FlowKt__LimitKt$takeWhile$$inlined$unsafeFlow$1
kotlinx.coroutines.flow.FlowKt__LimitKt$takeWhile$lambda-6$$inlined$collectWhile$1$1
kotlinx.coroutines.flow.FlowKt__LimitKt$takeWhile$lambda-6$$inlined$collectWhile$1
kotlinx.coroutines.flow.FlowKt__LimitKt$transformWhile$1$invokeSuspend$$inlined$collectWhile$1$1
kotlinx.coroutines.flow.FlowKt__LimitKt$transformWhile$1$invokeSuspend$$inlined$collectWhile$1
kotlinx.coroutines.flow.FlowKt__LimitKt$transformWhile$1
kotlinx.coroutines.flow.FlowKt__LimitKt
kotlinx.coroutines.flow.FlowKt__MergeKt$flatMapConcat$$inlined$map$1$2$1
kotlinx.coroutines.flow.FlowKt__MergeKt$flatMapConcat$$inlined$map$1$2
kotlinx.coroutines.flow.FlowKt__MergeKt$flatMapConcat$$inlined$map$1